<?xml version="1.0" encoding="UTF-8"?>
<coverage generated="1532977866397" clover="3.2.0">
  <project timestamp="1532977866397" name="All files">
    <metrics statements="81" coveredstatements="71" conditionals="6" coveredconditionals="2" methods="21" coveredmethods="14" elements="108" coveredelements="87" complexity="0" loc="81" ncloc="81" packages="3" files="5" classes="5">
      <package name="client.src.components">
        <metrics statements="28" coveredstatements="26" conditionals="0" coveredconditionals="0" methods="10" coveredmethods="8"/>
        <file name="App.jsx" path="/Users/michaelchan/Documents/Repos/W6 FEC/Comments/client/src/components/App.jsx">
          <metrics statements="4" coveredstatements="4" conditionals="0" coveredconditionals="0" methods="2" coveredmethods="2"/>
          <line num="6" count="1" type="stmt"/>
          <line num="18" count="1" type="stmt"/>
          <line num="19" count="1" type="stmt"/>
          <line num="25" count="1" type="stmt"/>
        </file>
        <file name="Comments.jsx" path="/Users/michaelchan/Documents/Repos/W6 FEC/Comments/client/src/components/Comments.jsx">
          <metrics statements="14" coveredstatements="12" conditionals="0" coveredconditionals="0" methods="7" coveredmethods="5"/>
          <line num="6" count="2" type="stmt"/>
          <line num="10" count="2" type="stmt"/>
          <line num="14" count="2" type="stmt"/>
          <line num="21" count="2" type="stmt"/>
          <line num="29" count="2" type="stmt"/>
          <line num="39" count="5" type="stmt"/>
          <line num="40" count="5" type="stmt"/>
          <line num="50" count="5" type="stmt"/>
          <line num="51" count="5" type="stmt"/>
          <line num="55" count="5" type="stmt"/>
          <line num="58" count="0" type="stmt"/>
          <line num="68" count="5" type="stmt"/>
          <line num="69" count="5" type="stmt"/>
          <line num="92" count="0" type="stmt"/>
        </file>
        <file name="commentEntry.jsx" path="/Users/michaelchan/Documents/Repos/W6 FEC/Comments/client/src/components/commentEntry.jsx">
          <metrics statements="10" coveredstatements="10" conditionals="0" coveredconditionals="0" methods="1" coveredmethods="1"/>
          <line num="6" count="3" type="stmt"/>
          <line num="11" count="3" type="stmt"/>
          <line num="17" count="3" type="stmt"/>
          <line num="21" count="3" type="stmt"/>
          <line num="31" count="3" type="stmt"/>
          <line num="38" count="3" type="stmt"/>
          <line num="44" count="3" type="stmt"/>
          <line num="51" count="3" type="stmt"/>
          <line num="52" count="2" type="stmt"/>
          <line num="75" count="3" type="stmt"/>
        </file>
      </package>
      <package name="db">
        <metrics statements="33" coveredstatements="26" conditionals="4" coveredconditionals="1" methods="8" coveredmethods="4"/>
        <file name="index.js" path="/Users/michaelchan/Documents/Repos/W6 FEC/Comments/db/index.js">
          <metrics statements="33" coveredstatements="26" conditionals="4" coveredconditionals="1" methods="8" coveredmethods="4"/>
          <line num="1" count="2" type="stmt"/>
          <line num="2" count="2" type="stmt"/>
          <line num="3" count="2" type="stmt"/>
          <line num="5" count="2" type="stmt"/>
          <line num="6" count="2" type="stmt"/>
          <line num="8" count="2" type="stmt"/>
          <line num="10" count="2" type="stmt"/>
          <line num="22" count="2" type="stmt"/>
          <line num="24" count="2" type="stmt"/>
          <line num="25" count="2" type="stmt"/>
          <line num="27" count="2" type="stmt"/>
          <line num="28" count="200" type="stmt"/>
          <line num="29" count="200" type="stmt"/>
          <line num="32" count="2" type="stmt"/>
          <line num="33" count="0" type="stmt"/>
          <line num="34" count="0" type="stmt"/>
          <line num="38" count="2" type="stmt"/>
          <line num="39" count="0" type="stmt"/>
          <line num="40" count="0" type="cond" truecount="0" falsecount="2"/>
          <line num="41" count="0" type="stmt"/>
          <line num="43" count="0" type="stmt"/>
          <line num="48" count="2" type="stmt"/>
          <line num="49" count="1" type="stmt"/>
          <line num="50" count="1" type="stmt"/>
          <line num="51" count="100" type="stmt"/>
          <line num="52" count="100" type="stmt"/>
          <line num="63" count="100" type="stmt"/>
          <line num="65" count="1" type="cond" truecount="1" falsecount="1"/>
          <line num="66" count="0" type="stmt"/>
          <line num="70" count="2" type="stmt"/>
          <line num="71" count="1" type="stmt"/>
          <line num="73" count="1" type="stmt"/>
          <line num="77" count="2" type="stmt"/>
        </file>
      </package>
      <package name="server">
        <metrics statements="20" coveredstatements="19" conditionals="2" coveredconditionals="1" methods="3" coveredmethods="2"/>
        <file name="app.js" path="/Users/michaelchan/Documents/Repos/W6 FEC/Comments/server/app.js">
          <metrics statements="20" coveredstatements="19" conditionals="2" coveredconditionals="1" methods="3" coveredmethods="2"/>
          <line num="1" count="1" type="stmt"/>
          <line num="2" count="1" type="stmt"/>
          <line num="3" count="1" type="stmt"/>
          <line num="4" count="1" type="stmt"/>
          <line num="5" count="1" type="stmt"/>
          <line num="7" count="1" type="stmt"/>
          <line num="9" count="1" type="stmt"/>
          <line num="11" count="1" type="stmt"/>
          <line num="12" count="1" type="stmt"/>
          <line num="13" count="1" type="stmt"/>
          <line num="15" count="1" type="stmt"/>
          <line num="17" count="1" type="stmt"/>
          <line num="18" count="1" type="stmt"/>
          <line num="19" count="1" type="stmt"/>
          <line num="20" count="1" type="stmt"/>
          <line num="21" count="1" type="stmt"/>
          <line num="22" count="1" type="cond" truecount="1" falsecount="1"/>
          <line num="23" count="0" type="stmt"/>
          <line num="25" count="1" type="stmt"/>
          <line num="30" count="1" type="stmt"/>
        </file>
      </package>
    </metrics>
  </project>
</coverage>
