<?xml version="1.0" encoding="UTF-8"?>
<coverage generated="1533429075609" clover="3.2.0">
  <project timestamp="1533429075609" name="All files">
    <metrics statements="94" coveredstatements="85" conditionals="14" coveredconditionals="8" methods="24" coveredmethods="17" elements="132" coveredelements="110" complexity="0" loc="94" ncloc="94" packages="3" files="5" classes="5">
      <package name="client.src.components">
        <metrics statements="39" coveredstatements="34" conditionals="8" coveredconditionals="4" methods="13" coveredmethods="9"/>
        <file name="App.jsx" path="/Users/michaelchan/Documents/Repos/W6 FEC/Comments/client/src/components/App.jsx">
          <metrics statements="4" coveredstatements="4" conditionals="0" coveredconditionals="0" methods="2" coveredmethods="2"/>
          <line num="6" count="1" type="stmt"/>
          <line num="18" count="1" type="stmt"/>
          <line num="19" count="1" type="stmt"/>
          <line num="25" count="1" type="stmt"/>
        </file>
        <file name="Comments.jsx" path="/Users/michaelchan/Documents/Repos/W6 FEC/Comments/client/src/components/Comments.jsx">
          <metrics statements="14" coveredstatements="12" conditionals="0" coveredconditionals="0" methods="7" coveredmethods="5"/>
          <line num="6" count="2" type="stmt"/>
          <line num="12" count="2" type="stmt"/>
          <line num="18" count="2" type="stmt"/>
          <line num="27" count="2" type="stmt"/>
          <line num="37" count="2" type="stmt"/>
          <line num="49" count="5" type="stmt"/>
          <line num="50" count="5" type="stmt"/>
          <line num="60" count="5" type="stmt"/>
          <line num="61" count="5" type="stmt"/>
          <line num="65" count="5" type="stmt"/>
          <line num="68" count="0" type="stmt"/>
          <line num="78" count="5" type="stmt"/>
          <line num="79" count="5" type="stmt"/>
          <line num="102" count="0" type="stmt"/>
        </file>
        <file name="commentEntry.jsx" path="/Users/michaelchan/Documents/Repos/W6 FEC/Comments/client/src/components/commentEntry.jsx">
          <metrics statements="21" coveredstatements="18" conditionals="8" coveredconditionals="4" methods="4" coveredmethods="2"/>
          <line num="6" count="3" type="stmt"/>
          <line num="12" count="3" type="stmt"/>
          <line num="16" count="3" type="stmt"/>
          <line num="23" count="3" type="stmt"/>
          <line num="29" count="3" type="stmt"/>
          <line num="36" count="3" type="stmt"/>
          <line num="43" count="3" type="stmt"/>
          <line num="60" count="2" type="stmt"/>
          <line num="61" count="2" type="stmt"/>
          <line num="64" count="2" type="stmt"/>
          <line num="65" count="2" type="stmt"/>
          <line num="69" count="0" type="stmt"/>
          <line num="75" count="0" type="stmt"/>
          <line num="82" count="2" type="stmt"/>
          <line num="83" count="2" type="stmt"/>
          <line num="85" count="2" type="stmt"/>
          <line num="93" count="2" type="stmt"/>
          <line num="103" count="2" type="cond" truecount="1" falsecount="1"/>
          <line num="104" count="0" type="stmt"/>
          <line num="113" count="2" type="stmt"/>
          <line num="142" count="3" type="stmt"/>
        </file>
      </package>
      <package name="db">
        <metrics statements="35" coveredstatements="32" conditionals="4" coveredconditionals="3" methods="8" coveredmethods="6"/>
        <file name="index.js" path="/Users/michaelchan/Documents/Repos/W6 FEC/Comments/db/index.js">
          <metrics statements="35" coveredstatements="32" conditionals="4" coveredconditionals="3" methods="8" coveredmethods="6"/>
          <line num="1" count="2" type="stmt"/>
          <line num="2" count="2" type="stmt"/>
          <line num="3" count="2" type="stmt"/>
          <line num="5" count="2" type="stmt"/>
          <line num="7" count="2" type="stmt"/>
          <line num="9" count="2" type="stmt"/>
          <line num="21" count="2" type="stmt"/>
          <line num="22" count="402" type="stmt"/>
          <line num="23" count="402" type="stmt"/>
          <line num="25" count="402" type="cond" truecount="2" falsecount="0"/>
          <line num="26" count="400" type="stmt"/>
          <line num="28" count="2" type="stmt"/>
          <line num="31" count="2" type="stmt"/>
          <line num="32" count="2" type="stmt"/>
          <line num="33" count="2" type="stmt"/>
          <line num="34" count="2" type="stmt"/>
          <line num="36" count="2" type="stmt"/>
          <line num="37" count="0" type="stmt"/>
          <line num="38" count="0" type="stmt"/>
          <line num="42" count="2" type="stmt"/>
          <line num="43" count="2" type="stmt"/>
          <line num="44" count="1" type="cond" truecount="1" falsecount="1"/>
          <line num="45" count="0" type="stmt"/>
          <line num="47" count="1" type="stmt"/>
          <line num="52" count="2" type="stmt"/>
          <line num="53" count="2" type="stmt"/>
          <line num="54" count="2" type="stmt"/>
          <line num="55" count="200" type="stmt"/>
          <line num="56" count="200" type="stmt"/>
          <line num="67" count="200" type="stmt"/>
          <line num="69" count="2" type="stmt"/>
          <line num="72" count="2" type="stmt"/>
          <line num="73" count="2" type="stmt"/>
          <line num="75" count="2" type="stmt"/>
          <line num="79" count="2" type="stmt"/>
        </file>
      </package>
      <package name="server">
        <metrics statements="20" coveredstatements="19" conditionals="2" coveredconditionals="1" methods="3" coveredmethods="2"/>
        <file name="app.js" path="/Users/michaelchan/Documents/Repos/W6 FEC/Comments/server/app.js">
          <metrics statements="20" coveredstatements="19" conditionals="2" coveredconditionals="1" methods="3" coveredmethods="2"/>
          <line num="1" count="1" type="stmt"/>
          <line num="2" count="1" type="stmt"/>
          <line num="3" count="1" type="stmt"/>
          <line num="4" count="1" type="stmt"/>
          <line num="5" count="1" type="stmt"/>
          <line num="7" count="1" type="stmt"/>
          <line num="9" count="1" type="stmt"/>
          <line num="11" count="1" type="stmt"/>
          <line num="12" count="1" type="stmt"/>
          <line num="13" count="1" type="stmt"/>
          <line num="15" count="1" type="stmt"/>
          <line num="17" count="1" type="stmt"/>
          <line num="18" count="2" type="stmt"/>
          <line num="19" count="2" type="stmt"/>
          <line num="20" count="2" type="stmt"/>
          <line num="21" count="2" type="stmt"/>
          <line num="22" count="2" type="cond" truecount="1" falsecount="1"/>
          <line num="23" count="0" type="stmt"/>
          <line num="25" count="2" type="stmt"/>
          <line num="30" count="1" type="stmt"/>
        </file>
      </package>
    </metrics>
  </project>
</coverage>
