{"/Users/michaelchan/Documents/Repos/W6 FEC/Comments/client/src/components/App.jsx": {"path":"/Users/michaelchan/Documents/Repos/W6 FEC/Comments/client/src/components/App.jsx","statementMap":{"0":{"start":{"line":6,"column":18},"end":{"line":14,"column":1}},"1":{"start":{"line":18,"column":4},"end":{"line":18,"column":17}},"2":{"start":{"line":19,"column":4},"end":{"line":21,"column":6}},"3":{"start":{"line":25,"column":4},"end":{"line":31,"column":6}}},"fnMap":{"0":{"name":"(anonymous_0)","decl":{"start":{"line":17,"column":2},"end":{"line":17,"column":3}},"loc":{"start":{"line":17,"column":21},"end":{"line":22,"column":3}},"line":17},"1":{"name":"(anonymous_1)","decl":{"start":{"line":24,"column":2},"end":{"line":24,"column":3}},"loc":{"start":{"line":24,"column":11},"end":{"line":32,"column":3}},"line":24}},"branchMap":{},"s":{"0":1,"1":1,"2":1,"3":1},"f":{"0":1,"1":1},"b":{},"_coverageSchema":"332fd63041d2c1bcb487cc26dd0d5f7d97098a6c","hash":"c115889cc2d217c3e0c5fe2b0bd6dc633cc43b12"}
,"/Users/michaelchan/Documents/Repos/W6 FEC/Comments/client/src/components/Comments.jsx": {"path":"/Users/michaelchan/Documents/Repos/W6 FEC/Comments/client/src/components/Comments.jsx","statementMap":{"0":{"start":{"line":6,"column":16},"end":{"line":9,"column":1}},"1":{"start":{"line":10,"column":17},"end":{"line":12,"column":1}},"2":{"start":{"line":14,"column":20},"end":{"line":19,"column":1}},"3":{"start":{"line":21,"column":12},"end":{"line":27,"column":1}},"4":{"start":{"line":29,"column":19},"end":{"line":35,"column":1}},"5":{"start":{"line":39,"column":4},"end":{"line":39,"column":17}},"6":{"start":{"line":40,"column":4},"end":{"line":46,"column":6}},"7":{"start":{"line":50,"column":24},"end":{"line":50,"column":34}},"8":{"start":{"line":51,"column":4},"end":{"line":51,"column":30}},"9":{"start":{"line":55,"column":4},"end":{"line":64,"column":9}},"10":{"start":{"line":58,"column":8},"end":{"line":60,"column":11}},"11":{"start":{"line":68,"column":25},"end":{"line":68,"column":35}},"12":{"start":{"line":69,"column":4},"end":{"line":97,"column":6}},"13":{"start":{"line":92,"column":14},"end":{"line":92,"column":78}}},"fnMap":{"0":{"name":"(anonymous_0)","decl":{"start":{"line":38,"column":2},"end":{"line":38,"column":3}},"loc":{"start":{"line":38,"column":21},"end":{"line":47,"column":3}},"line":38},"1":{"name":"(anonymous_1)","decl":{"start":{"line":49,"column":2},"end":{"line":49,"column":3}},"loc":{"start":{"line":49,"column":22},"end":{"line":52,"column":3}},"line":49},"2":{"name":"(anonymous_2)","decl":{"start":{"line":54,"column":2},"end":{"line":54,"column":3}},"loc":{"start":{"line":54,"column":42},"end":{"line":65,"column":3}},"line":54},"3":{"name":"(anonymous_3)","decl":{"start":{"line":57,"column":12},"end":{"line":57,"column":13}},"loc":{"start":{"line":57,"column":26},"end":{"line":61,"column":7}},"line":57},"4":{"name":"(anonymous_4)","decl":{"start":{"line":62,"column":13},"end":{"line":62,"column":14}},"loc":{"start":{"line":62,"column":22},"end":{"line":64,"column":7}},"line":62},"5":{"name":"(anonymous_5)","decl":{"start":{"line":67,"column":2},"end":{"line":67,"column":3}},"loc":{"start":{"line":67,"column":11},"end":{"line":98,"column":3}},"line":67},"6":{"name":"(anonymous_6)","decl":{"start":{"line":91,"column":26},"end":{"line":91,"column":27}},"loc":{"start":{"line":92,"column":14},"end":{"line":92,"column":78}},"line":92}},"branchMap":{},"s":{"0":2,"1":2,"2":2,"3":2,"4":2,"5":5,"6":5,"7":5,"8":5,"9":5,"10":0,"11":5,"12":5,"13":0},"f":{"0":5,"1":5,"2":5,"3":0,"4":5,"5":5,"6":0},"b":{},"_coverageSchema":"332fd63041d2c1bcb487cc26dd0d5f7d97098a6c","hash":"f30668bb1a294dbaf26517cb08dcee53d187b30b"}
,"/Users/michaelchan/Documents/Repos/W6 FEC/Comments/client/src/components/commentEntry.jsx": {"path":"/Users/michaelchan/Documents/Repos/W6 FEC/Comments/client/src/components/commentEntry.jsx","statementMap":{"0":{"start":{"line":6,"column":16},"end":{"line":9,"column":1}},"1":{"start":{"line":11,"column":20},"end":{"line":15,"column":1}},"2":{"start":{"line":17,"column":15},"end":{"line":19,"column":1}},"3":{"start":{"line":21,"column":15},"end":{"line":29,"column":1}},"4":{"start":{"line":31,"column":14},"end":{"line":36,"column":1}},"5":{"start":{"line":38,"column":13},"end":{"line":42,"column":1}},"6":{"start":{"line":44,"column":13},"end":{"line":49,"column":1}},"7":{"start":{"line":51,"column":15},"end":{"line":55,"column":1}},"8":{"start":{"line":57,"column":18},"end":{"line":68,"column":1}},"9":{"start":{"line":72,"column":4},"end":{"line":72,"column":17}},"10":{"start":{"line":73,"column":4},"end":{"line":75,"column":6}},"11":{"start":{"line":76,"column":4},"end":{"line":76,"column":43}},"12":{"start":{"line":77,"column":4},"end":{"line":77,"column":45}},"13":{"start":{"line":81,"column":4},"end":{"line":83,"column":7}},"14":{"start":{"line":87,"column":4},"end":{"line":89,"column":7}},"15":{"start":{"line":94,"column":24},"end":{"line":94,"column":34}},"16":{"start":{"line":95,"column":26},"end":{"line":95,"column":36}},"17":{"start":{"line":97,"column":4},"end":{"line":99,"column":5}},"18":{"start":{"line":98,"column":6},"end":{"line":98,"column":102}},"19":{"start":{"line":101,"column":4},"end":{"line":126,"column":6}},"20":{"start":{"line":130,"column":0},"end":{"line":142,"column":2}}},"fnMap":{"0":{"name":"(anonymous_0)","decl":{"start":{"line":71,"column":2},"end":{"line":71,"column":3}},"loc":{"start":{"line":71,"column":21},"end":{"line":78,"column":3}},"line":71},"1":{"name":"(anonymous_1)","decl":{"start":{"line":80,"column":2},"end":{"line":80,"column":3}},"loc":{"start":{"line":80,"column":12},"end":{"line":84,"column":3}},"line":80},"2":{"name":"(anonymous_2)","decl":{"start":{"line":86,"column":2},"end":{"line":86,"column":3}},"loc":{"start":{"line":86,"column":13},"end":{"line":90,"column":3}},"line":86},"3":{"name":"(anonymous_3)","decl":{"start":{"line":92,"column":2},"end":{"line":92,"column":3}},"loc":{"start":{"line":92,"column":11},"end":{"line":127,"column":3}},"line":92}},"branchMap":{"0":{"loc":{"start":{"line":97,"column":4},"end":{"line":99,"column":5}},"type":"if","locations":[{"start":{"line":97,"column":4},"end":{"line":99,"column":5}},{"start":{"line":97,"column":4},"end":{"line":99,"column":5}}],"line":97}},"s":{"0":3,"1":3,"2":3,"3":3,"4":3,"5":3,"6":3,"7":3,"8":3,"9":2,"10":2,"11":2,"12":2,"13":0,"14":0,"15":2,"16":2,"17":2,"18":0,"19":2,"20":3},"f":{"0":2,"1":0,"2":0,"3":2},"b":{"0":[0,2]},"_coverageSchema":"332fd63041d2c1bcb487cc26dd0d5f7d97098a6c","hash":"d5438a29f216f4e3ad51233acbf25283d3ae999d"}
,"/Users/michaelchan/Documents/Repos/W6 FEC/Comments/db/index.js": {"path":"/Users/michaelchan/Documents/Repos/W6 FEC/Comments/db/index.js","statementMap":{"0":{"start":{"line":1,"column":14},"end":{"line":1,"column":30}},"1":{"start":{"line":2,"column":17},"end":{"line":2,"column":36}},"2":{"start":{"line":3,"column":12},"end":{"line":3,"column":26}},"3":{"start":{"line":5,"column":0},"end":{"line":5,"column":34}},"4":{"start":{"line":6,"column":12},"end":{"line":6,"column":27}},"5":{"start":{"line":8,"column":0},"end":{"line":8,"column":82}},"6":{"start":{"line":10,"column":22},"end":{"line":20,"column":2}},"7":{"start":{"line":22,"column":16},"end":{"line":22,"column":56}},"8":{"start":{"line":24,"column":14},"end":{"line":24,"column":39}},"9":{"start":{"line":25,"column":17},"end":{"line":25,"column":100}},"10":{"start":{"line":27,"column":19},"end":{"line":30,"column":1}},"11":{"start":{"line":28,"column":17},"end":{"line":28,"column":55}},"12":{"start":{"line":29,"column":2},"end":{"line":29,"column":21}},"13":{"start":{"line":32,"column":18},"end":{"line":36,"column":1}},"14":{"start":{"line":33,"column":2},"end":{"line":35,"column":5}},"15":{"start":{"line":34,"column":4},"end":{"line":34,"column":35}},"16":{"start":{"line":38,"column":23},"end":{"line":46,"column":1}},"17":{"start":{"line":39,"column":2},"end":{"line":45,"column":5}},"18":{"start":{"line":40,"column":4},"end":{"line":44,"column":5}},"19":{"start":{"line":41,"column":6},"end":{"line":41,"column":43}},"20":{"start":{"line":43,"column":6},"end":{"line":43,"column":25}},"21":{"start":{"line":48,"column":25},"end":{"line":66,"column":1}},"22":{"start":{"line":49,"column":23},"end":{"line":49,"column":25}},"23":{"start":{"line":50,"column":2},"end":{"line":64,"column":3}},"24":{"start":{"line":51,"column":21},"end":{"line":51,"column":41}},"25":{"start":{"line":52,"column":20},"end":{"line":62,"column":5}},"26":{"start":{"line":63,"column":4},"end":{"line":63,"column":31}},"27":{"start":{"line":65,"column":2},"end":{"line":65,"column":31}},"28":{"start":{"line":68,"column":25},"end":{"line":73,"column":1}},"29":{"start":{"line":69,"column":2},"end":{"line":72,"column":7}},"30":{"start":{"line":71,"column":6},"end":{"line":71,"column":21}},"31":{"start":{"line":75,"column":0},"end":{"line":81,"column":2}}},"fnMap":{"0":{"name":"(anonymous_0)","decl":{"start":{"line":27,"column":19},"end":{"line":27,"column":20}},"loc":{"start":{"line":27,"column":28},"end":{"line":30,"column":1}},"line":27},"1":{"name":"(anonymous_1)","decl":{"start":{"line":32,"column":18},"end":{"line":32,"column":19}},"loc":{"start":{"line":32,"column":24},"end":{"line":36,"column":1}},"line":32},"2":{"name":"(anonymous_2)","decl":{"start":{"line":33,"column":21},"end":{"line":33,"column":22}},"loc":{"start":{"line":33,"column":30},"end":{"line":35,"column":3}},"line":33},"3":{"name":"(anonymous_3)","decl":{"start":{"line":38,"column":23},"end":{"line":38,"column":24}},"loc":{"start":{"line":38,"column":32},"end":{"line":46,"column":1}},"line":38},"4":{"name":"(anonymous_4)","decl":{"start":{"line":39,"column":26},"end":{"line":39,"column":27}},"loc":{"start":{"line":39,"column":35},"end":{"line":45,"column":3}},"line":39},"5":{"name":"(anonymous_5)","decl":{"start":{"line":48,"column":25},"end":{"line":48,"column":26}},"loc":{"start":{"line":48,"column":31},"end":{"line":66,"column":1}},"line":48},"6":{"name":"(anonymous_6)","decl":{"start":{"line":68,"column":25},"end":{"line":68,"column":26}},"loc":{"start":{"line":68,"column":41},"end":{"line":73,"column":1}},"line":68},"7":{"name":"(anonymous_7)","decl":{"start":{"line":70,"column":10},"end":{"line":70,"column":11}},"loc":{"start":{"line":70,"column":25},"end":{"line":72,"column":5}},"line":70}},"branchMap":{"0":{"loc":{"start":{"line":40,"column":4},"end":{"line":44,"column":5}},"type":"if","locations":[{"start":{"line":40,"column":4},"end":{"line":44,"column":5}},{"start":{"line":40,"column":4},"end":{"line":44,"column":5}}],"line":40}},"s":{"0":2,"1":2,"2":2,"3":2,"4":2,"5":2,"6":2,"7":2,"8":2,"9":2,"10":2,"11":400,"12":400,"13":2,"14":0,"15":0,"16":2,"17":2,"18":0,"19":0,"20":0,"21":2,"22":2,"23":2,"24":200,"25":200,"26":200,"27":2,"28":2,"29":2,"30":2,"31":2},"f":{"0":400,"1":0,"2":0,"3":2,"4":0,"5":2,"6":2,"7":2},"b":{"0":[0,0]},"_coverageSchema":"332fd63041d2c1bcb487cc26dd0d5f7d97098a6c","hash":"1cd8bee83bbf06120d57a2d9b4a65cefe26cc47d"}
,"/Users/michaelchan/Documents/Repos/W6 FEC/Comments/server/app.js": {"path":"/Users/michaelchan/Documents/Repos/W6 FEC/Comments/server/app.js","statementMap":{"0":{"start":{"line":1,"column":16},"end":{"line":1,"column":34}},"1":{"start":{"line":2,"column":19},"end":{"line":2,"column":41}},"2":{"start":{"line":3,"column":13},"end":{"line":3,"column":28}},"3":{"start":{"line":4,"column":12},"end":{"line":4,"column":26}},"4":{"start":{"line":5,"column":11},"end":{"line":5,"column":33}},"5":{"start":{"line":7,"column":12},"end":{"line":7,"column":27}},"6":{"start":{"line":9,"column":12},"end":{"line":9,"column":21}},"7":{"start":{"line":11,"column":0},"end":{"line":11,"column":27}},"8":{"start":{"line":12,"column":0},"end":{"line":12,"column":52}},"9":{"start":{"line":13,"column":0},"end":{"line":13,"column":65}},"10":{"start":{"line":15,"column":0},"end":{"line":15,"column":53}},"11":{"start":{"line":15,"column":27},"end":{"line":15,"column":51}},"12":{"start":{"line":17,"column":0},"end":{"line":28,"column":3}},"13":{"start":{"line":18,"column":21},"end":{"line":18,"column":24}},"14":{"start":{"line":19,"column":2},"end":{"line":19,"column":46}},"15":{"start":{"line":20,"column":2},"end":{"line":20,"column":24}},"16":{"start":{"line":21,"column":2},"end":{"line":27,"column":5}},"17":{"start":{"line":22,"column":4},"end":{"line":26,"column":5}},"18":{"start":{"line":23,"column":6},"end":{"line":23,"column":20}},"19":{"start":{"line":25,"column":6},"end":{"line":25,"column":25}},"20":{"start":{"line":30,"column":0},"end":{"line":30,"column":21}}},"fnMap":{"0":{"name":"(anonymous_0)","decl":{"start":{"line":15,"column":13},"end":{"line":15,"column":14}},"loc":{"start":{"line":15,"column":27},"end":{"line":15,"column":51}},"line":15},"1":{"name":"(anonymous_1)","decl":{"start":{"line":17,"column":53},"end":{"line":17,"column":54}},"loc":{"start":{"line":17,"column":67},"end":{"line":28,"column":1}},"line":17},"2":{"name":"(anonymous_2)","decl":{"start":{"line":21,"column":30},"end":{"line":21,"column":31}},"loc":{"start":{"line":21,"column":49},"end":{"line":27,"column":3}},"line":21}},"branchMap":{"0":{"loc":{"start":{"line":22,"column":4},"end":{"line":26,"column":5}},"type":"if","locations":[{"start":{"line":22,"column":4},"end":{"line":26,"column":5}},{"start":{"line":22,"column":4},"end":{"line":26,"column":5}}],"line":22}},"s":{"0":1,"1":1,"2":1,"3":1,"4":1,"5":1,"6":1,"7":1,"8":1,"9":1,"10":1,"11":0,"12":1,"13":2,"14":2,"15":2,"16":2,"17":2,"18":0,"19":2,"20":1},"f":{"0":0,"1":2,"2":2},"b":{"0":[0,2]},"_coverageSchema":"332fd63041d2c1bcb487cc26dd0d5f7d97098a6c","hash":"6e435ab34852e4cf9b95e7301257b837a1fab3cf"}
}
