{"/Users/michaelchan/Documents/Repos/W6 FEC/Comments/client/src/components/App.jsx": {"path":"/Users/michaelchan/Documents/Repos/W6 FEC/Comments/client/src/components/App.jsx","statementMap":{"0":{"start":{"line":6,"column":18},"end":{"line":14,"column":1}},"1":{"start":{"line":18,"column":4},"end":{"line":18,"column":17}},"2":{"start":{"line":19,"column":4},"end":{"line":21,"column":6}},"3":{"start":{"line":25,"column":4},"end":{"line":31,"column":6}}},"fnMap":{"0":{"name":"(anonymous_0)","decl":{"start":{"line":17,"column":2},"end":{"line":17,"column":3}},"loc":{"start":{"line":17,"column":21},"end":{"line":22,"column":3}},"line":17},"1":{"name":"(anonymous_1)","decl":{"start":{"line":24,"column":2},"end":{"line":24,"column":3}},"loc":{"start":{"line":24,"column":11},"end":{"line":32,"column":3}},"line":24}},"branchMap":{},"s":{"0":1,"1":1,"2":1,"3":1},"f":{"0":1,"1":1},"b":{},"_coverageSchema":"332fd63041d2c1bcb487cc26dd0d5f7d97098a6c","hash":"c115889cc2d217c3e0c5fe2b0bd6dc633cc43b12"}
,"/Users/michaelchan/Documents/Repos/W6 FEC/Comments/client/src/components/Comments.jsx": {"path":"/Users/michaelchan/Documents/Repos/W6 FEC/Comments/client/src/components/Comments.jsx","statementMap":{"0":{"start":{"line":6,"column":16},"end":{"line":11,"column":1}},"1":{"start":{"line":12,"column":17},"end":{"line":16,"column":1}},"2":{"start":{"line":18,"column":20},"end":{"line":25,"column":1}},"3":{"start":{"line":27,"column":12},"end":{"line":35,"column":1}},"4":{"start":{"line":37,"column":19},"end":{"line":45,"column":1}},"5":{"start":{"line":49,"column":4},"end":{"line":49,"column":17}},"6":{"start":{"line":50,"column":4},"end":{"line":56,"column":6}},"7":{"start":{"line":60,"column":24},"end":{"line":60,"column":34}},"8":{"start":{"line":61,"column":4},"end":{"line":61,"column":30}},"9":{"start":{"line":65,"column":4},"end":{"line":74,"column":9}},"10":{"start":{"line":68,"column":8},"end":{"line":70,"column":11}},"11":{"start":{"line":78,"column":25},"end":{"line":78,"column":35}},"12":{"start":{"line":79,"column":4},"end":{"line":107,"column":6}},"13":{"start":{"line":102,"column":14},"end":{"line":102,"column":78}}},"fnMap":{"0":{"name":"(anonymous_0)","decl":{"start":{"line":48,"column":2},"end":{"line":48,"column":3}},"loc":{"start":{"line":48,"column":21},"end":{"line":57,"column":3}},"line":48},"1":{"name":"(anonymous_1)","decl":{"start":{"line":59,"column":2},"end":{"line":59,"column":3}},"loc":{"start":{"line":59,"column":22},"end":{"line":62,"column":3}},"line":59},"2":{"name":"(anonymous_2)","decl":{"start":{"line":64,"column":2},"end":{"line":64,"column":3}},"loc":{"start":{"line":64,"column":42},"end":{"line":75,"column":3}},"line":64},"3":{"name":"(anonymous_3)","decl":{"start":{"line":67,"column":12},"end":{"line":67,"column":13}},"loc":{"start":{"line":67,"column":26},"end":{"line":71,"column":7}},"line":67},"4":{"name":"(anonymous_4)","decl":{"start":{"line":72,"column":13},"end":{"line":72,"column":14}},"loc":{"start":{"line":72,"column":22},"end":{"line":74,"column":7}},"line":72},"5":{"name":"(anonymous_5)","decl":{"start":{"line":77,"column":2},"end":{"line":77,"column":3}},"loc":{"start":{"line":77,"column":11},"end":{"line":108,"column":3}},"line":77},"6":{"name":"(anonymous_6)","decl":{"start":{"line":101,"column":26},"end":{"line":101,"column":27}},"loc":{"start":{"line":102,"column":14},"end":{"line":102,"column":78}},"line":102}},"branchMap":{},"s":{"0":2,"1":2,"2":2,"3":2,"4":2,"5":5,"6":5,"7":5,"8":5,"9":5,"10":0,"11":5,"12":5,"13":0},"f":{"0":5,"1":5,"2":5,"3":0,"4":5,"5":5,"6":0},"b":{},"_coverageSchema":"332fd63041d2c1bcb487cc26dd0d5f7d97098a6c","hash":"4fddb8c92a1fbd723c6979396c9a76415d8d6a31"}
,"/Users/michaelchan/Documents/Repos/W6 FEC/Comments/client/src/components/commentEntry.jsx": {"path":"/Users/michaelchan/Documents/Repos/W6 FEC/Comments/client/src/components/commentEntry.jsx","statementMap":{"0":{"start":{"line":6,"column":20},"end":{"line":10,"column":1}},"1":{"start":{"line":12,"column":15},"end":{"line":14,"column":1}},"2":{"start":{"line":16,"column":14},"end":{"line":21,"column":1}},"3":{"start":{"line":23,"column":13},"end":{"line":27,"column":1}},"4":{"start":{"line":29,"column":13},"end":{"line":34,"column":1}},"5":{"start":{"line":36,"column":15},"end":{"line":42,"column":1}},"6":{"start":{"line":43,"column":18},"end":{"line":56,"column":1}},"7":{"start":{"line":60,"column":4},"end":{"line":60,"column":17}},"8":{"start":{"line":61,"column":4},"end":{"line":63,"column":6}},"9":{"start":{"line":64,"column":4},"end":{"line":64,"column":43}},"10":{"start":{"line":65,"column":4},"end":{"line":65,"column":45}},"11":{"start":{"line":69,"column":4},"end":{"line":71,"column":7}},"12":{"start":{"line":75,"column":4},"end":{"line":77,"column":7}},"13":{"start":{"line":82,"column":24},"end":{"line":82,"column":34}},"14":{"start":{"line":83,"column":26},"end":{"line":83,"column":36}},"15":{"start":{"line":85,"column":20},"end":{"line":91,"column":5}},"16":{"start":{"line":93,"column":19},"end":{"line":101,"column":5}},"17":{"start":{"line":103,"column":4},"end":{"line":111,"column":5}},"18":{"start":{"line":104,"column":6},"end":{"line":110,"column":8}},"19":{"start":{"line":113,"column":4},"end":{"line":138,"column":6}},"20":{"start":{"line":142,"column":0},"end":{"line":153,"column":2}}},"fnMap":{"0":{"name":"(anonymous_0)","decl":{"start":{"line":59,"column":2},"end":{"line":59,"column":3}},"loc":{"start":{"line":59,"column":21},"end":{"line":66,"column":3}},"line":59},"1":{"name":"(anonymous_1)","decl":{"start":{"line":68,"column":2},"end":{"line":68,"column":3}},"loc":{"start":{"line":68,"column":12},"end":{"line":72,"column":3}},"line":68},"2":{"name":"(anonymous_2)","decl":{"start":{"line":74,"column":2},"end":{"line":74,"column":3}},"loc":{"start":{"line":74,"column":13},"end":{"line":78,"column":3}},"line":74},"3":{"name":"(anonymous_3)","decl":{"start":{"line":80,"column":2},"end":{"line":80,"column":3}},"loc":{"start":{"line":80,"column":11},"end":{"line":139,"column":3}},"line":80}},"branchMap":{"0":{"loc":{"start":{"line":89,"column":20},"end":{"line":89,"column":76}},"type":"cond-expr","locations":[{"start":{"line":89,"column":57},"end":{"line":89,"column":66}},{"start":{"line":89,"column":69},"end":{"line":89,"column":76}}],"line":89},"1":{"loc":{"start":{"line":90,"column":16},"end":{"line":90,"column":90}},"type":"cond-expr","locations":[{"start":{"line":90,"column":53},"end":{"line":90,"column":85}},{"start":{"line":90,"column":88},"end":{"line":90,"column":90}}],"line":90},"2":{"loc":{"start":{"line":95,"column":26},"end":{"line":95,"column":84}},"type":"cond-expr","locations":[{"start":{"line":95,"column":63},"end":{"line":95,"column":72}},{"start":{"line":95,"column":75},"end":{"line":95,"column":84}}],"line":95},"3":{"loc":{"start":{"line":103,"column":4},"end":{"line":111,"column":5}},"type":"if","locations":[{"start":{"line":103,"column":4},"end":{"line":111,"column":5}},{"start":{"line":103,"column":4},"end":{"line":111,"column":5}}],"line":103}},"s":{"0":3,"1":3,"2":3,"3":3,"4":3,"5":3,"6":3,"7":2,"8":2,"9":2,"10":2,"11":0,"12":0,"13":2,"14":2,"15":2,"16":2,"17":2,"18":0,"19":2,"20":3},"f":{"0":2,"1":0,"2":0,"3":2},"b":{"0":[0,2],"1":[0,2],"2":[0,2],"3":[0,2]},"_coverageSchema":"332fd63041d2c1bcb487cc26dd0d5f7d97098a6c","hash":"d67ad7368b7014ba7eecbb985e2ee808cd25725d"}
,"/Users/michaelchan/Documents/Repos/W6 FEC/Comments/db/index.js": {"path":"/Users/michaelchan/Documents/Repos/W6 FEC/Comments/db/index.js","statementMap":{"0":{"start":{"line":1,"column":14},"end":{"line":1,"column":30}},"1":{"start":{"line":2,"column":17},"end":{"line":2,"column":36}},"2":{"start":{"line":3,"column":12},"end":{"line":3,"column":26}},"3":{"start":{"line":5,"column":12},"end":{"line":5,"column":27}},"4":{"start":{"line":7,"column":0},"end":{"line":7,"column":82}},"5":{"start":{"line":9,"column":22},"end":{"line":19,"column":2}},"6":{"start":{"line":21,"column":19},"end":{"line":29,"column":1}},"7":{"start":{"line":22,"column":18},"end":{"line":22,"column":56}},"8":{"start":{"line":23,"column":18},"end":{"line":23,"column":53}},"9":{"start":{"line":25,"column":2},"end":{"line":27,"column":3}},"10":{"start":{"line":26,"column":4},"end":{"line":26,"column":24}},"11":{"start":{"line":28,"column":2},"end":{"line":28,"column":17}},"12":{"start":{"line":31,"column":16},"end":{"line":31,"column":56}},"13":{"start":{"line":32,"column":17},"end":{"line":32,"column":30}},"14":{"start":{"line":33,"column":14},"end":{"line":33,"column":67}},"15":{"start":{"line":34,"column":17},"end":{"line":34,"column":100}},"16":{"start":{"line":36,"column":18},"end":{"line":40,"column":1}},"17":{"start":{"line":37,"column":2},"end":{"line":39,"column":5}},"18":{"start":{"line":38,"column":4},"end":{"line":38,"column":35}},"19":{"start":{"line":42,"column":23},"end":{"line":50,"column":1}},"20":{"start":{"line":43,"column":2},"end":{"line":49,"column":5}},"21":{"start":{"line":44,"column":4},"end":{"line":48,"column":5}},"22":{"start":{"line":45,"column":6},"end":{"line":45,"column":43}},"23":{"start":{"line":47,"column":6},"end":{"line":47,"column":25}},"24":{"start":{"line":52,"column":25},"end":{"line":70,"column":1}},"25":{"start":{"line":53,"column":23},"end":{"line":53,"column":25}},"26":{"start":{"line":54,"column":2},"end":{"line":68,"column":3}},"27":{"start":{"line":55,"column":21},"end":{"line":55,"column":41}},"28":{"start":{"line":56,"column":20},"end":{"line":66,"column":5}},"29":{"start":{"line":67,"column":4},"end":{"line":67,"column":31}},"30":{"start":{"line":69,"column":2},"end":{"line":69,"column":31}},"31":{"start":{"line":72,"column":25},"end":{"line":77,"column":1}},"32":{"start":{"line":73,"column":2},"end":{"line":76,"column":7}},"33":{"start":{"line":75,"column":6},"end":{"line":75,"column":21}},"34":{"start":{"line":79,"column":0},"end":{"line":85,"column":2}}},"fnMap":{"0":{"name":"(anonymous_0)","decl":{"start":{"line":21,"column":19},"end":{"line":21,"column":20}},"loc":{"start":{"line":21,"column":28},"end":{"line":29,"column":1}},"line":21},"1":{"name":"(anonymous_1)","decl":{"start":{"line":36,"column":18},"end":{"line":36,"column":19}},"loc":{"start":{"line":36,"column":24},"end":{"line":40,"column":1}},"line":36},"2":{"name":"(anonymous_2)","decl":{"start":{"line":37,"column":21},"end":{"line":37,"column":22}},"loc":{"start":{"line":37,"column":30},"end":{"line":39,"column":3}},"line":37},"3":{"name":"(anonymous_3)","decl":{"start":{"line":42,"column":23},"end":{"line":42,"column":24}},"loc":{"start":{"line":42,"column":32},"end":{"line":50,"column":1}},"line":42},"4":{"name":"(anonymous_4)","decl":{"start":{"line":43,"column":26},"end":{"line":43,"column":27}},"loc":{"start":{"line":43,"column":35},"end":{"line":49,"column":3}},"line":43},"5":{"name":"(anonymous_5)","decl":{"start":{"line":52,"column":25},"end":{"line":52,"column":26}},"loc":{"start":{"line":52,"column":31},"end":{"line":70,"column":1}},"line":52},"6":{"name":"(anonymous_6)","decl":{"start":{"line":72,"column":25},"end":{"line":72,"column":26}},"loc":{"start":{"line":72,"column":41},"end":{"line":77,"column":1}},"line":72},"7":{"name":"(anonymous_7)","decl":{"start":{"line":74,"column":10},"end":{"line":74,"column":11}},"loc":{"start":{"line":74,"column":25},"end":{"line":76,"column":5}},"line":74}},"branchMap":{"0":{"loc":{"start":{"line":25,"column":2},"end":{"line":27,"column":3}},"type":"if","locations":[{"start":{"line":25,"column":2},"end":{"line":27,"column":3}},{"start":{"line":25,"column":2},"end":{"line":27,"column":3}}],"line":25},"1":{"loc":{"start":{"line":44,"column":4},"end":{"line":48,"column":5}},"type":"if","locations":[{"start":{"line":44,"column":4},"end":{"line":48,"column":5}},{"start":{"line":44,"column":4},"end":{"line":48,"column":5}}],"line":44}},"s":{"0":2,"1":2,"2":2,"3":2,"4":2,"5":2,"6":2,"7":402,"8":402,"9":402,"10":400,"11":2,"12":2,"13":2,"14":2,"15":2,"16":2,"17":0,"18":0,"19":2,"20":2,"21":1,"22":0,"23":1,"24":2,"25":2,"26":2,"27":200,"28":200,"29":200,"30":2,"31":2,"32":2,"33":2,"34":2},"f":{"0":402,"1":0,"2":0,"3":2,"4":1,"5":2,"6":2,"7":2},"b":{"0":[400,2],"1":[0,1]},"_coverageSchema":"332fd63041d2c1bcb487cc26dd0d5f7d97098a6c","hash":"d2572d1faa5a6f58c885dea20531e22a6ca55e8b"}
,"/Users/michaelchan/Documents/Repos/W6 FEC/Comments/server/app.js": {"path":"/Users/michaelchan/Documents/Repos/W6 FEC/Comments/server/app.js","statementMap":{"0":{"start":{"line":1,"column":16},"end":{"line":1,"column":34}},"1":{"start":{"line":2,"column":19},"end":{"line":2,"column":41}},"2":{"start":{"line":3,"column":13},"end":{"line":3,"column":28}},"3":{"start":{"line":4,"column":12},"end":{"line":4,"column":26}},"4":{"start":{"line":5,"column":11},"end":{"line":5,"column":33}},"5":{"start":{"line":7,"column":12},"end":{"line":7,"column":27}},"6":{"start":{"line":9,"column":12},"end":{"line":9,"column":21}},"7":{"start":{"line":11,"column":0},"end":{"line":11,"column":27}},"8":{"start":{"line":12,"column":0},"end":{"line":12,"column":52}},"9":{"start":{"line":13,"column":0},"end":{"line":13,"column":65}},"10":{"start":{"line":15,"column":0},"end":{"line":15,"column":53}},"11":{"start":{"line":15,"column":27},"end":{"line":15,"column":51}},"12":{"start":{"line":17,"column":0},"end":{"line":28,"column":3}},"13":{"start":{"line":18,"column":21},"end":{"line":18,"column":24}},"14":{"start":{"line":19,"column":2},"end":{"line":19,"column":46}},"15":{"start":{"line":20,"column":2},"end":{"line":20,"column":24}},"16":{"start":{"line":21,"column":2},"end":{"line":27,"column":5}},"17":{"start":{"line":22,"column":4},"end":{"line":26,"column":5}},"18":{"start":{"line":23,"column":6},"end":{"line":23,"column":20}},"19":{"start":{"line":25,"column":6},"end":{"line":25,"column":25}},"20":{"start":{"line":30,"column":0},"end":{"line":30,"column":21}}},"fnMap":{"0":{"name":"(anonymous_0)","decl":{"start":{"line":15,"column":13},"end":{"line":15,"column":14}},"loc":{"start":{"line":15,"column":27},"end":{"line":15,"column":51}},"line":15},"1":{"name":"(anonymous_1)","decl":{"start":{"line":17,"column":53},"end":{"line":17,"column":54}},"loc":{"start":{"line":17,"column":67},"end":{"line":28,"column":1}},"line":17},"2":{"name":"(anonymous_2)","decl":{"start":{"line":21,"column":30},"end":{"line":21,"column":31}},"loc":{"start":{"line":21,"column":49},"end":{"line":27,"column":3}},"line":21}},"branchMap":{"0":{"loc":{"start":{"line":22,"column":4},"end":{"line":26,"column":5}},"type":"if","locations":[{"start":{"line":22,"column":4},"end":{"line":26,"column":5}},{"start":{"line":22,"column":4},"end":{"line":26,"column":5}}],"line":22}},"s":{"0":1,"1":1,"2":1,"3":1,"4":1,"5":1,"6":1,"7":1,"8":1,"9":1,"10":1,"11":0,"12":1,"13":2,"14":2,"15":2,"16":2,"17":2,"18":0,"19":2,"20":1},"f":{"0":0,"1":2,"2":2},"b":{"0":[0,2]},"_coverageSchema":"332fd63041d2c1bcb487cc26dd0d5f7d97098a6c","hash":"6e435ab34852e4cf9b95e7301257b837a1fab3cf"}
}
