TN:
SF:/Users/michaelchan/Documents/Repos/W6 FEC/Comments/client/src/components/App.jsx
FN:17,(anonymous_0)
FN:24,(anonymous_1)
FNF:2
FNH:2
FNDA:1,(anonymous_0)
FNDA:1,(anonymous_1)
DA:6,1
DA:18,1
DA:19,1
DA:25,1
LF:4
LH:4
BRF:0
BRH:0
end_of_record
TN:
SF:/Users/michaelchan/Documents/Repos/W6 FEC/Comments/client/src/components/Comments.jsx
FN:38,(anonymous_0)
FN:49,(anonymous_1)
FN:54,(anonymous_2)
FN:57,(anonymous_3)
FN:62,(anonymous_4)
FN:67,(anonymous_5)
FN:91,(anonymous_6)
FNF:7
FNH:5
FNDA:5,(anonymous_0)
FNDA:5,(anonymous_1)
FNDA:5,(anonymous_2)
FNDA:0,(anonymous_3)
FNDA:5,(anonymous_4)
FNDA:5,(anonymous_5)
FNDA:0,(anonymous_6)
DA:6,2
DA:10,2
DA:14,2
DA:21,2
DA:29,2
DA:39,5
DA:40,5
DA:50,5
DA:51,5
DA:55,5
DA:58,0
DA:68,5
DA:69,5
DA:92,0
LF:14
LH:12
BRF:0
BRH:0
end_of_record
TN:
SF:/Users/michaelchan/Documents/Repos/W6 FEC/Comments/client/src/components/commentEntry.jsx
FN:71,(anonymous_0)
FN:80,(anonymous_1)
FN:86,(anonymous_2)
FN:92,(anonymous_3)
FNF:4
FNH:2
FNDA:2,(anonymous_0)
FNDA:0,(anonymous_1)
FNDA:0,(anonymous_2)
FNDA:2,(anonymous_3)
DA:6,3
DA:11,3
DA:17,3
DA:21,3
DA:31,3
DA:38,3
DA:44,3
DA:51,3
DA:57,3
DA:72,2
DA:73,2
DA:76,2
DA:77,2
DA:81,0
DA:87,0
DA:94,2
DA:95,2
DA:97,2
DA:98,0
DA:101,2
DA:130,3
LF:21
LH:18
BRDA:97,0,0,0
BRDA:97,0,1,2
BRF:2
BRH:1
end_of_record
TN:
SF:/Users/michaelchan/Documents/Repos/W6 FEC/Comments/db/index.js
FN:27,(anonymous_0)
FN:32,(anonymous_1)
FN:33,(anonymous_2)
FN:38,(anonymous_3)
FN:39,(anonymous_4)
FN:48,(anonymous_5)
FN:68,(anonymous_6)
FN:70,(anonymous_7)
FNF:8
FNH:5
FNDA:400,(anonymous_0)
FNDA:0,(anonymous_1)
FNDA:0,(anonymous_2)
FNDA:2,(anonymous_3)
FNDA:0,(anonymous_4)
FNDA:2,(anonymous_5)
FNDA:2,(anonymous_6)
FNDA:2,(anonymous_7)
DA:1,2
DA:2,2
DA:3,2
DA:5,2
DA:6,2
DA:8,2
DA:10,2
DA:22,2
DA:24,2
DA:25,2
DA:27,2
DA:28,400
DA:29,400
DA:32,2
DA:33,0
DA:34,0
DA:38,2
DA:39,2
DA:40,0
DA:41,0
DA:43,0
DA:48,2
DA:49,2
DA:50,2
DA:51,200
DA:52,200
DA:63,200
DA:65,2
DA:68,2
DA:69,2
DA:71,2
DA:75,2
LF:32
LH:27
BRDA:40,0,0,0
BRDA:40,0,1,0
BRF:2
BRH:0
end_of_record
TN:
SF:/Users/michaelchan/Documents/Repos/W6 FEC/Comments/server/app.js
FN:15,(anonymous_0)
FN:17,(anonymous_1)
FN:21,(anonymous_2)
FNF:3
FNH:2
FNDA:0,(anonymous_0)
FNDA:2,(anonymous_1)
FNDA:2,(anonymous_2)
DA:1,1
DA:2,1
DA:3,1
DA:4,1
DA:5,1
DA:7,1
DA:9,1
DA:11,1
DA:12,1
DA:13,1
DA:15,1
DA:17,1
DA:18,2
DA:19,2
DA:20,2
DA:21,2
DA:22,2
DA:23,0
DA:25,2
DA:30,1
LF:20
LH:19
BRDA:22,0,0,0
BRDA:22,0,1,2
BRF:2
BRH:1
end_of_record
