TN:
SF:/Users/michaelchan/Documents/Repos HR/W6 Front End Capstone/Comments/db/index.js
FN:26,(anonymous_0)
FN:32,(anonymous_1)
FN:52,(anonymous_2)
FN:53,(anonymous_3)
FNF:4
FNH:2
FNDA:22,(anonymous_0)
FNDA:1,(anonymous_1)
FNDA:0,(anonymous_2)
FNDA:0,(anonymous_3)
DA:1,1
DA:2,1
DA:3,1
DA:5,1
DA:7,1
DA:9,1
DA:21,1
DA:23,1
DA:24,1
DA:26,1
DA:27,22
DA:28,22
DA:32,1
DA:33,1
DA:34,1
DA:35,1
DA:36,21
DA:47,21
DA:49,1
DA:52,1
DA:53,0
DA:54,0
DA:55,0
DA:57,0
DA:62,1
LF:25
LH:21
BRDA:54,0,0,0
BRDA:54,0,1,0
BRF:2
BRH:0
end_of_record
TN:
SF:/Users/michaelchan/Documents/Repos HR/W6 Front End Capstone/Comments/server/server.js
FN:17,(anonymous_0)
FN:18,(anonymous_1)
FN:29,(anonymous_2)
FNF:3
FNH:2
FNDA:1,(anonymous_0)
FNDA:1,(anonymous_1)
FNDA:0,(anonymous_2)
DA:1,1
DA:2,1
DA:3,1
DA:4,1
DA:5,1
DA:7,1
DA:9,1
DA:11,1
DA:12,1
DA:13,1
DA:17,1
DA:18,1
DA:19,1
DA:20,0
DA:22,1
DA:27,1
DA:28,1
DA:29,0
DA:32,1
LF:19
LH:17
BRDA:19,0,0,0
BRDA:19,0,1,1
BRDA:28,1,0,0
BRDA:28,1,1,1
BRF:4
BRH:2
end_of_record
